Analysis & Synthesis report for smirnov_var_8_V2
Mon Jun 29 18:56:21 2020
Quartus Prime Version 19.1.0 Build 670 09/22/2019 SJ Lite Edition


---------------------
; Table of Contents ;
---------------------
  1. Legal Notice
  2. Analysis & Synthesis Summary
  3. Analysis & Synthesis Settings
  4. Parallel Compilation
  5. Analysis & Synthesis Source Files Read
  6. Analysis & Synthesis Resource Usage Summary
  7. Analysis & Synthesis Resource Utilization by Entity
  8. Analysis & Synthesis DSP Block Usage Summary
  9. Registers Removed During Synthesis
 10. General Register Statistics
 11. Multiplexer Restructuring Statistics (Restructuring Performed)
 12. Parameter Settings for User Entity Instance: Top-level Entity: |TopEntity
 13. Parameter Settings for User Entity Instance: Counter:counter
 14. Parameter Settings for Inferred Entity Instance: Counter:counter|lpm_divide:Div0
 15. Post-Synthesis Netlist Statistics for Top Partition
 16. Elapsed Time Per Partition
 17. Analysis & Synthesis Messages
 18. Analysis & Synthesis Suppressed Messages



----------------
; Legal Notice ;
----------------
Copyright (C) 2019  Intel Corporation. All rights reserved.
Your use of Intel Corporation's design tools, logic functions 
and other software and tools, and any partner logic 
functions, and any output files from any of the foregoing 
(including device programming or simulation files), and any 
associated documentation or information are expressly subject 
to the terms and conditions of the Intel Program License 
Subscription Agreement, the Intel Quartus Prime License Agreement,
the Intel FPGA IP License Agreement, or other applicable license
agreement, including, without limitation, that your use is for
the sole purpose of programming logic devices manufactured by
Intel and sold by Intel or its authorized distributors.  Please
refer to the applicable agreement for further details, at
https://fpgasoftware.intel.com/eula.



+-------------------------------------------------------------------------------+
; Analysis & Synthesis Summary                                                  ;
+---------------------------------+---------------------------------------------+
; Analysis & Synthesis Status     ; Successful - Mon Jun 29 18:56:20 2020       ;
; Quartus Prime Version           ; 19.1.0 Build 670 09/22/2019 SJ Lite Edition ;
; Revision Name                   ; smirnov_var_8_V2                            ;
; Top-level Entity Name           ; TopEntity                                   ;
; Family                          ; Cyclone V                                   ;
; Logic utilization (in ALMs)     ; N/A                                         ;
; Total registers                 ; 90                                          ;
; Total pins                      ; 74                                          ;
; Total virtual pins              ; 0                                           ;
; Total block memory bits         ; 0                                           ;
; Total DSP Blocks                ; 1                                           ;
; Total HSSI RX PCSs              ; 0                                           ;
; Total HSSI PMA RX Deserializers ; 0                                           ;
; Total HSSI TX PCSs              ; 0                                           ;
; Total HSSI PMA TX Serializers   ; 0                                           ;
; Total PLLs                      ; 0                                           ;
; Total DLLs                      ; 0                                           ;
+---------------------------------+---------------------------------------------+


+---------------------------------------------------------------------------------------------------------------------------+
; Analysis & Synthesis Settings                                                                                             ;
+---------------------------------------------------------------------------------+--------------------+--------------------+
; Option                                                                          ; Setting            ; Default Value      ;
+---------------------------------------------------------------------------------+--------------------+--------------------+
; Device                                                                          ; 5CSEMA5F31C6       ;                    ;
; Top-level entity name                                                           ; TopEntity          ; smirnov_var_8_V2   ;
; Family name                                                                     ; Cyclone V          ; Cyclone V          ;
; Maximum processors allowed for parallel compilation                             ; 4                  ;                    ;
; VHDL Show LMF Mapping Messages                                                  ; Off                ;                    ;
; Verilog Show LMF Mapping Messages                                               ; Off                ;                    ;
; Verilog Version                                                                 ; SystemVerilog_2005 ; Verilog_2001       ;
; VHDL Version                                                                    ; VHDL_2008          ; VHDL_1993          ;
; Use smart compilation                                                           ; Off                ; Off                ;
; Enable parallel Assembler and Timing Analyzer during compilation                ; On                 ; On                 ;
; Enable compact report table                                                     ; Off                ; Off                ;
; Restructure Multiplexers                                                        ; Auto               ; Auto               ;
; MLAB Add Timing Constraints For Mixed-Port Feed-Through Mode Setting Don't Care ; Off                ; Off                ;
; Create Debugging Nodes for IP Cores                                             ; Off                ; Off                ;
; Preserve fewer node names                                                       ; On                 ; On                 ;
; Intel FPGA IP Evaluation Mode                                                   ; Enable             ; Enable             ;
; State Machine Processing                                                        ; Auto               ; Auto               ;
; Safe State Machine                                                              ; Off                ; Off                ;
; Extract Verilog State Machines                                                  ; On                 ; On                 ;
; Extract VHDL State Machines                                                     ; On                 ; On                 ;
; Ignore Verilog initial constructs                                               ; Off                ; Off                ;
; Iteration limit for constant Verilog loops                                      ; 5000               ; 5000               ;
; Iteration limit for non-constant Verilog loops                                  ; 250                ; 250                ;
; Add Pass-Through Logic to Inferred RAMs                                         ; On                 ; On                 ;
; Infer RAMs from Raw Logic                                                       ; On                 ; On                 ;
; Parallel Synthesis                                                              ; On                 ; On                 ;
; DSP Block Balancing                                                             ; Auto               ; Auto               ;
; NOT Gate Push-Back                                                              ; On                 ; On                 ;
; Power-Up Don't Care                                                             ; On                 ; On                 ;
; Remove Redundant Logic Cells                                                    ; Off                ; Off                ;
; Remove Duplicate Registers                                                      ; On                 ; On                 ;
; Ignore CARRY Buffers                                                            ; Off                ; Off                ;
; Ignore CASCADE Buffers                                                          ; Off                ; Off                ;
; Ignore GLOBAL Buffers                                                           ; Off                ; Off                ;
; Ignore ROW GLOBAL Buffers                                                       ; Off                ; Off                ;
; Ignore LCELL Buffers                                                            ; Off                ; Off                ;
; Ignore SOFT Buffers                                                             ; On                 ; On                 ;
; Limit AHDL Integers to 32 Bits                                                  ; Off                ; Off                ;
; Optimization Technique                                                          ; Balanced           ; Balanced           ;
; Carry Chain Length                                                              ; 70                 ; 70                 ;
; Auto Carry Chains                                                               ; On                 ; On                 ;
; Auto Open-Drain Pins                                                            ; On                 ; On                 ;
; Perform WYSIWYG Primitive Resynthesis                                           ; Off                ; Off                ;
; Auto ROM Replacement                                                            ; On                 ; On                 ;
; Auto RAM Replacement                                                            ; On                 ; On                 ;
; Auto DSP Block Replacement                                                      ; On                 ; On                 ;
; Auto Shift Register Replacement                                                 ; Auto               ; Auto               ;
; Allow Shift Register Merging across Hierarchies                                 ; Auto               ; Auto               ;
; Auto Clock Enable Replacement                                                   ; On                 ; On                 ;
; Strict RAM Replacement                                                          ; Off                ; Off                ;
; Allow Synchronous Control Signals                                               ; On                 ; On                 ;
; Force Use of Synchronous Clear Signals                                          ; Off                ; Off                ;
; Auto Resource Sharing                                                           ; Off                ; Off                ;
; Allow Any RAM Size For Recognition                                              ; Off                ; Off                ;
; Allow Any ROM Size For Recognition                                              ; Off                ; Off                ;
; Allow Any Shift Register Size For Recognition                                   ; Off                ; Off                ;
; Use LogicLock Constraints during Resource Balancing                             ; On                 ; On                 ;
; Ignore translate_off and synthesis_off directives                               ; Off                ; Off                ;
; Timing-Driven Synthesis                                                         ; On                 ; On                 ;
; Report Parameter Settings                                                       ; On                 ; On                 ;
; Report Source Assignments                                                       ; On                 ; On                 ;
; Report Connectivity Checks                                                      ; On                 ; On                 ;
; Ignore Maximum Fan-Out Assignments                                              ; Off                ; Off                ;
; Synchronization Register Chain Length                                           ; 3                  ; 3                  ;
; Power Optimization During Synthesis                                             ; Normal compilation ; Normal compilation ;
; HDL message level                                                               ; Level2             ; Level2             ;
; Suppress Register Optimization Related Messages                                 ; Off                ; Off                ;
; Number of Removed Registers Reported in Synthesis Report                        ; 5000               ; 5000               ;
; Number of Swept Nodes Reported in Synthesis Report                              ; 5000               ; 5000               ;
; Number of Inverted Registers Reported in Synthesis Report                       ; 100                ; 100                ;
; Clock MUX Protection                                                            ; On                 ; On                 ;
; Auto Gated Clock Conversion                                                     ; Off                ; Off                ;
; Block Design Naming                                                             ; Auto               ; Auto               ;
; SDC constraint protection                                                       ; Off                ; Off                ;
; Synthesis Effort                                                                ; Auto               ; Auto               ;
; Shift Register Replacement - Allow Asynchronous Clear Signal                    ; On                 ; On                 ;
; Pre-Mapping Resynthesis Optimization                                            ; Off                ; Off                ;
; Analysis & Synthesis Message Level                                              ; Medium             ; Medium             ;
; Disable Register Merging Across Hierarchies                                     ; Auto               ; Auto               ;
; Resource Aware Inference For Block RAM                                          ; On                 ; On                 ;
; Automatic Parallel Synthesis                                                    ; On                 ; On                 ;
; Partial Reconfiguration Bitstream ID                                            ; Off                ; Off                ;
+---------------------------------------------------------------------------------+--------------------+--------------------+


+------------------------------------------+
; Parallel Compilation                     ;
+----------------------------+-------------+
; Processors                 ; Number      ;
+----------------------------+-------------+
; Number detected on machine ; 8           ;
; Maximum allowed            ; 4           ;
;                            ;             ;
; Average used               ; 1.00        ;
; Maximum used               ; 4           ;
;                            ;             ;
; Usage by Processor         ; % Time Used ;
;     Processor 1            ; 100.0%      ;
;     Processor 2            ;   0.0%      ;
;     Processors 3-4         ;   0.0%      ;
+----------------------------+-------------+


+------------------------------------------------------------------------------------------------------------------------------------------------------------------------------+
; Analysis & Synthesis Source Files Read                                                                                                                                       ;
+----------------------------------+-----------------+------------------------------+--------------------------------------------------------------------------------+---------+
; File Name with User-Entered Path ; Used in Netlist ; File Type                    ; File Name with Absolute Path                                                   ; Library ;
+----------------------------------+-----------------+------------------------------+--------------------------------------------------------------------------------+---------+
; Display.sv                       ; yes             ; User SystemVerilog HDL File  ; D:/staff/Knowledge/3 year/Practice/smirnov_var_8_V2/Display.sv                 ;         ;
; TopEntity.sv                     ; yes             ; User SystemVerilog HDL File  ; D:/staff/Knowledge/3 year/Practice/smirnov_var_8_V2/TopEntity.sv               ;         ;
; lpm_divide.tdf                   ; yes             ; Megafunction                 ; d:/intelfpga_lite/19.1/quartus/libraries/megafunctions/lpm_divide.tdf          ;         ;
; abs_divider.inc                  ; yes             ; Megafunction                 ; d:/intelfpga_lite/19.1/quartus/libraries/megafunctions/abs_divider.inc         ;         ;
; sign_div_unsign.inc              ; yes             ; Megafunction                 ; d:/intelfpga_lite/19.1/quartus/libraries/megafunctions/sign_div_unsign.inc     ;         ;
; aglobal191.inc                   ; yes             ; Megafunction                 ; d:/intelfpga_lite/19.1/quartus/libraries/megafunctions/aglobal191.inc          ;         ;
; db/lpm_divide_kbm.tdf            ; yes             ; Auto-Generated Megafunction  ; D:/staff/Knowledge/3 year/Practice/smirnov_var_8_V2/db/lpm_divide_kbm.tdf      ;         ;
; db/sign_div_unsign_qlh.tdf       ; yes             ; Auto-Generated Megafunction  ; D:/staff/Knowledge/3 year/Practice/smirnov_var_8_V2/db/sign_div_unsign_qlh.tdf ;         ;
; db/alt_u_div_qve.tdf             ; yes             ; Auto-Generated Megafunction  ; D:/staff/Knowledge/3 year/Practice/smirnov_var_8_V2/db/alt_u_div_qve.tdf       ;         ;
+----------------------------------+-----------------+------------------------------+--------------------------------------------------------------------------------+---------+


+---------------------------------------------------------+
; Analysis & Synthesis Resource Usage Summary             ;
+---------------------------------------------+-----------+
; Resource                                    ; Usage     ;
+---------------------------------------------+-----------+
; Estimate of Logic utilization (ALMs needed) ; 263       ;
;                                             ;           ;
; Combinational ALUT usage for logic          ; 490       ;
;     -- 7 input functions                    ; 4         ;
;     -- 6 input functions                    ; 28        ;
;     -- 5 input functions                    ; 25        ;
;     -- 4 input functions                    ; 110       ;
;     -- <=3 input functions                  ; 323       ;
;                                             ;           ;
; Dedicated logic registers                   ; 90        ;
;                                             ;           ;
; I/O pins                                    ; 74        ;
;                                             ;           ;
; Total DSP Blocks                            ; 1         ;
;                                             ;           ;
; Maximum fan-out node                        ; clk~input ;
; Maximum fan-out                             ; 90        ;
; Total fan-out                               ; 2091      ;
; Average fan-out                             ; 2.87      ;
+---------------------------------------------+-----------+


+----------------------------------------------------------------------------------------------------------------------------------------------------------------------------------------------------------------------------------------------------------------------------------------------------------------------+
; Analysis & Synthesis Resource Utilization by Entity                                                                                                                                                                                                                                                                  ;
+-------------------------------------------+---------------------+---------------------------+-------------------+------------+------+--------------+----------------------------------------------------------------------------------------------------------------------------+---------------------+--------------+
; Compilation Hierarchy Node                ; Combinational ALUTs ; Dedicated Logic Registers ; Block Memory Bits ; DSP Blocks ; Pins ; Virtual Pins ; Full Hierarchy Name                                                                                                        ; Entity Name         ; Library Name ;
+-------------------------------------------+---------------------+---------------------------+-------------------+------------+------+--------------+----------------------------------------------------------------------------------------------------------------------------+---------------------+--------------+
; |TopEntity                                ; 490 (0)             ; 90 (0)                    ; 0                 ; 1          ; 74   ; 0            ; |TopEntity                                                                                                                 ; TopEntity           ; work         ;
;    |Counter:counter|                      ; 448 (144)           ; 90 (90)                   ; 0                 ; 1          ; 0    ; 0            ; |TopEntity|Counter:counter                                                                                                 ; Counter             ; work         ;
;       |lpm_divide:Div0|                   ; 304 (0)             ; 0 (0)                     ; 0                 ; 0          ; 0    ; 0            ; |TopEntity|Counter:counter|lpm_divide:Div0                                                                                 ; lpm_divide          ; work         ;
;          |lpm_divide_kbm:auto_generated|  ; 304 (0)             ; 0 (0)                     ; 0                 ; 0          ; 0    ; 0            ; |TopEntity|Counter:counter|lpm_divide:Div0|lpm_divide_kbm:auto_generated                                                   ; lpm_divide_kbm      ; work         ;
;             |sign_div_unsign_qlh:divider| ; 304 (0)             ; 0 (0)                     ; 0                 ; 0          ; 0    ; 0            ; |TopEntity|Counter:counter|lpm_divide:Div0|lpm_divide_kbm:auto_generated|sign_div_unsign_qlh:divider                       ; sign_div_unsign_qlh ; work         ;
;                |alt_u_div_qve:divider|    ; 304 (304)           ; 0 (0)                     ; 0                 ; 0          ; 0    ; 0            ; |TopEntity|Counter:counter|lpm_divide:Div0|lpm_divide_kbm:auto_generated|sign_div_unsign_qlh:divider|alt_u_div_qve:divider ; alt_u_div_qve       ; work         ;
;    |Display:display|                      ; 42 (42)             ; 0 (0)                     ; 0                 ; 0          ; 0    ; 0            ; |TopEntity|Display:display                                                                                                 ; Display             ; work         ;
+-------------------------------------------+---------------------+---------------------------+-------------------+------------+------+--------------+----------------------------------------------------------------------------------------------------------------------------+---------------------+--------------+
Note: For table entries with two numbers listed, the numbers in parentheses indicate the number of resources of the given type used by the specific entity alone. The numbers listed outside of parentheses indicate the total resources of the given type used by the specific entity and all of its sub-entities in the hierarchy.


+-----------------------------------------------+
; Analysis & Synthesis DSP Block Usage Summary  ;
+---------------------------------+-------------+
; Statistic                       ; Number Used ;
+---------------------------------+-------------+
; Two Independent 18x18           ; 1           ;
; Total number of DSP blocks      ; 1           ;
;                                 ;             ;
; Fixed Point Unsigned Multiplier ; 1           ;
+---------------------------------+-------------+


+--------------------------------------------------------------------------------+
; Registers Removed During Synthesis                                             ;
+---------------------------------------+----------------------------------------+
; Register name                         ; Reason for Removal                     ;
+---------------------------------------+----------------------------------------+
; Counter:counter|hours[4..7]           ; Stuck at GND due to stuck port data_in ;
; Counter:counter|hours[2,3]            ; Stuck at VCC due to stuck port data_in ;
; Counter:counter|hours[1]              ; Stuck at GND due to stuck port data_in ;
; Counter:counter|hours[0]              ; Stuck at VCC due to stuck port data_in ;
; Total Number of Removed Registers = 8 ;                                        ;
+---------------------------------------+----------------------------------------+


+------------------------------------------------------+
; General Register Statistics                          ;
+----------------------------------------------+-------+
; Statistic                                    ; Value ;
+----------------------------------------------+-------+
; Total registers                              ; 90    ;
; Number of registers using Synchronous Clear  ; 26    ;
; Number of registers using Synchronous Load   ; 3     ;
; Number of registers using Asynchronous Clear ; 74    ;
; Number of registers using Asynchronous Load  ; 0     ;
; Number of registers using Clock Enable       ; 85    ;
; Number of registers using Preset             ; 0     ;
+----------------------------------------------+-------+


+----------------------------------------------------------------------------------------------------------------------------------------------------+
; Multiplexer Restructuring Statistics (Restructuring Performed)                                                                                     ;
+--------------------+-----------+---------------+----------------------+------------------------+------------+--------------------------------------+
; Multiplexer Inputs ; Bus Width ; Baseline Area ; Area if Restructured ; Saving if Restructured ; Registered ; Example Multiplexer Output           ;
+--------------------+-----------+---------------+----------------------+------------------------+------------+--------------------------------------+
; 4:1                ; 3 bits    ; 6 LEs         ; 6 LEs                ; 0 LEs                  ; Yes        ; |TopEntity|Counter:counter|hour_d[3] ;
; 4:1                ; 2 bits    ; 4 LEs         ; 4 LEs                ; 0 LEs                  ; Yes        ; |TopEntity|Counter:counter|hour_e[0] ;
; 4:1                ; 2 bits    ; 4 LEs         ; 4 LEs                ; 0 LEs                  ; Yes        ; |TopEntity|Counter:counter|hour_e[3] ;
; 5:1                ; 3 bits    ; 9 LEs         ; 6 LEs                ; 3 LEs                  ; Yes        ; |TopEntity|Counter:counter|sec_e[2]  ;
; 5:1                ; 3 bits    ; 9 LEs         ; 6 LEs                ; 3 LEs                  ; Yes        ; |TopEntity|Counter:counter|sec_d[3]  ;
; 5:1                ; 3 bits    ; 9 LEs         ; 6 LEs                ; 3 LEs                  ; Yes        ; |TopEntity|Counter:counter|min_e[2]  ;
; 5:1                ; 3 bits    ; 9 LEs         ; 6 LEs                ; 3 LEs                  ; Yes        ; |TopEntity|Counter:counter|min_d[1]  ;
+--------------------+-----------+---------------+----------------------+------------------------+------------+--------------------------------------+


+---------------------------------------------------------------------------+
; Parameter Settings for User Entity Instance: Top-level Entity: |TopEntity ;
+----------------+-------------------+--------------------------------------+
; Parameter Name ; Value             ; Type                                 ;
+----------------+-------------------+--------------------------------------+
; p_initial      ; 01011011110101100 ; Unsigned Binary                      ;
+----------------+-------------------+--------------------------------------+
Note: In order to hide this table in the UI and the text report file, please set the "Show Parameter Settings in Synthesis Report" option in "Analysis and Synthesis Settings -> More Settings" to "Off".


+--------------------------------------------------------------+
; Parameter Settings for User Entity Instance: Counter:counter ;
+----------------+-------------------+-------------------------+
; Parameter Name ; Value             ; Type                    ;
+----------------+-------------------+-------------------------+
; initial_value  ; 01011011110101100 ; Unsigned Binary         ;
+----------------+-------------------+-------------------------+
Note: In order to hide this table in the UI and the text report file, please set the "Show Parameter Settings in Synthesis Report" option in "Analysis and Synthesis Settings -> More Settings" to "Off".


+----------------------------------------------------------------------------------+
; Parameter Settings for Inferred Entity Instance: Counter:counter|lpm_divide:Div0 ;
+------------------------+----------------+----------------------------------------+
; Parameter Name         ; Value          ; Type                                   ;
+------------------------+----------------+----------------------------------------+
; LPM_WIDTHN             ; 32             ; Untyped                                ;
; LPM_WIDTHD             ; 6              ; Untyped                                ;
; LPM_NREPRESENTATION    ; UNSIGNED       ; Untyped                                ;
; LPM_DREPRESENTATION    ; UNSIGNED       ; Untyped                                ;
; LPM_PIPELINE           ; 0              ; Untyped                                ;
; LPM_REMAINDERPOSITIVE  ; TRUE           ; Untyped                                ;
; MAXIMIZE_SPEED         ; 5              ; Untyped                                ;
; CBXI_PARAMETER         ; lpm_divide_kbm ; Untyped                                ;
; CARRY_CHAIN            ; MANUAL         ; Untyped                                ;
; OPTIMIZE_FOR_SPEED     ; 5              ; Untyped                                ;
; AUTO_CARRY_CHAINS      ; ON             ; AUTO_CARRY                             ;
; IGNORE_CARRY_BUFFERS   ; OFF            ; IGNORE_CARRY                           ;
; AUTO_CASCADE_CHAINS    ; ON             ; AUTO_CASCADE                           ;
; IGNORE_CASCADE_BUFFERS ; OFF            ; IGNORE_CASCADE                         ;
+------------------------+----------------+----------------------------------------+
Note: In order to hide this table in the UI and the text report file, please set the "Show Parameter Settings in Synthesis Report" option in "Analysis and Synthesis Settings -> More Settings" to "Off".


+-----------------------------------------------------+
; Post-Synthesis Netlist Statistics for Top Partition ;
+-----------------------+-----------------------------+
; Type                  ; Count                       ;
+-----------------------+-----------------------------+
; arriav_ff             ; 90                          ;
;     CLR               ; 2                           ;
;     CLR SLD           ; 3                           ;
;     ENA               ; 16                          ;
;     ENA CLR           ; 43                          ;
;     ENA CLR SCLR      ; 26                          ;
; arriav_lcell_comb     ; 496                         ;
;     arith             ; 218                         ;
;         0 data inputs ; 39                          ;
;         1 data inputs ; 65                          ;
;         2 data inputs ; 2                           ;
;         3 data inputs ; 76                          ;
;         4 data inputs ; 36                          ;
;     extend            ; 4                           ;
;         7 data inputs ; 4                           ;
;     normal            ; 261                         ;
;         1 data inputs ; 14                          ;
;         2 data inputs ; 76                          ;
;         3 data inputs ; 45                          ;
;         4 data inputs ; 73                          ;
;         5 data inputs ; 25                          ;
;         6 data inputs ; 28                          ;
;     shared            ; 13                          ;
;         0 data inputs ; 2                           ;
;         1 data inputs ; 5                           ;
;         2 data inputs ; 4                           ;
;         3 data inputs ; 1                           ;
;         4 data inputs ; 1                           ;
; arriav_mac            ; 1                           ;
; boundary_port         ; 74                          ;
;                       ;                             ;
; Max LUT depth         ; 36.80                       ;
; Average LUT depth     ; 21.91                       ;
+-----------------------+-----------------------------+


+-------------------------------+
; Elapsed Time Per Partition    ;
+----------------+--------------+
; Partition Name ; Elapsed Time ;
+----------------+--------------+
; Top            ; 00:00:01     ;
+----------------+--------------+


+-------------------------------+
; Analysis & Synthesis Messages ;
+-------------------------------+
Info: *******************************************************************
Info: Running Quartus Prime Analysis & Synthesis
    Info: Version 19.1.0 Build 670 09/22/2019 SJ Lite Edition
    Info: Processing started: Mon Jun 29 18:56:08 2020
Info: Command: quartus_map --read_settings_files=on --write_settings_files=off smirnov_var_8_V2 -c smirnov_var_8_V2
Info (20032): Parallel compilation is enabled and will use up to 4 processors
Info (12021): Found 2 design units, including 2 entities, in source file display.sv
    Info (12023): Found entity 1: Counter File: D:/staff/Knowledge/3 year/Practice/smirnov_var_8_V2/Display.sv Line: 1
    Info (12023): Found entity 2: Display File: D:/staff/Knowledge/3 year/Practice/smirnov_var_8_V2/Display.sv Line: 179
Info (12021): Found 1 design units, including 1 entities, in source file topentity.sv
    Info (12023): Found entity 1: TopEntity File: D:/staff/Knowledge/3 year/Practice/smirnov_var_8_V2/TopEntity.sv Line: 1
Info (12021): Found 1 design units, including 1 entities, in source file testbench.sv
    Info (12023): Found entity 1: TestBench File: D:/staff/Knowledge/3 year/Practice/smirnov_var_8_V2/TestBench.sv Line: 2
Info (12127): Elaborating entity "TopEntity" for the top level hierarchy
Info (12128): Elaborating entity "Counter" for hierarchy "Counter:counter" File: D:/staff/Knowledge/3 year/Practice/smirnov_var_8_V2/TopEntity.sv Line: 29
Warning (10230): Verilog HDL assignment warning at Display.sv(54): truncated value with size 32 to match size of target (8) File: D:/staff/Knowledge/3 year/Practice/smirnov_var_8_V2/Display.sv Line: 54
Warning (10230): Verilog HDL assignment warning at Display.sv(55): truncated value with size 32 to match size of target (8) File: D:/staff/Knowledge/3 year/Practice/smirnov_var_8_V2/Display.sv Line: 55
Warning (10230): Verilog HDL assignment warning at Display.sv(56): truncated value with size 32 to match size of target (8) File: D:/staff/Knowledge/3 year/Practice/smirnov_var_8_V2/Display.sv Line: 56
Warning (10230): Verilog HDL assignment warning at Display.sv(142): truncated value with size 32 to match size of target (4) File: D:/staff/Knowledge/3 year/Practice/smirnov_var_8_V2/Display.sv Line: 142
Warning (10230): Verilog HDL assignment warning at Display.sv(145): truncated value with size 32 to match size of target (4) File: D:/staff/Knowledge/3 year/Practice/smirnov_var_8_V2/Display.sv Line: 145
Warning (10230): Verilog HDL assignment warning at Display.sv(148): truncated value with size 32 to match size of target (4) File: D:/staff/Knowledge/3 year/Practice/smirnov_var_8_V2/Display.sv Line: 148
Warning (10230): Verilog HDL assignment warning at Display.sv(151): truncated value with size 32 to match size of target (4) File: D:/staff/Knowledge/3 year/Practice/smirnov_var_8_V2/Display.sv Line: 151
Warning (10230): Verilog HDL assignment warning at Display.sv(154): truncated value with size 32 to match size of target (4) File: D:/staff/Knowledge/3 year/Practice/smirnov_var_8_V2/Display.sv Line: 154
Warning (10230): Verilog HDL assignment warning at Display.sv(157): truncated value with size 32 to match size of target (4) File: D:/staff/Knowledge/3 year/Practice/smirnov_var_8_V2/Display.sv Line: 157
Warning (10230): Verilog HDL assignment warning at Display.sv(161): truncated value with size 32 to match size of target (26) File: D:/staff/Knowledge/3 year/Practice/smirnov_var_8_V2/Display.sv Line: 161
Info (12128): Elaborating entity "Display" for hierarchy "Display:display" File: D:/staff/Knowledge/3 year/Practice/smirnov_var_8_V2/TopEntity.sv Line: 34
Info (278001): Inferred 1 megafunctions from design logic
    Info (278004): Inferred divider/modulo megafunction ("lpm_divide") from the following logic: "Counter:counter|Div0" File: D:/staff/Knowledge/3 year/Practice/smirnov_var_8_V2/Display.sv Line: 55
Info (12130): Elaborated megafunction instantiation "Counter:counter|lpm_divide:Div0" File: D:/staff/Knowledge/3 year/Practice/smirnov_var_8_V2/Display.sv Line: 55
Info (12133): Instantiated megafunction "Counter:counter|lpm_divide:Div0" with the following parameter: File: D:/staff/Knowledge/3 year/Practice/smirnov_var_8_V2/Display.sv Line: 55
    Info (12134): Parameter "LPM_WIDTHN" = "32"
    Info (12134): Parameter "LPM_WIDTHD" = "6"
    Info (12134): Parameter "LPM_NREPRESENTATION" = "UNSIGNED"
    Info (12134): Parameter "LPM_DREPRESENTATION" = "UNSIGNED"
Info (12021): Found 1 design units, including 1 entities, in source file db/lpm_divide_kbm.tdf
    Info (12023): Found entity 1: lpm_divide_kbm File: D:/staff/Knowledge/3 year/Practice/smirnov_var_8_V2/db/lpm_divide_kbm.tdf Line: 25
Info (12021): Found 1 design units, including 1 entities, in source file db/sign_div_unsign_qlh.tdf
    Info (12023): Found entity 1: sign_div_unsign_qlh File: D:/staff/Knowledge/3 year/Practice/smirnov_var_8_V2/db/sign_div_unsign_qlh.tdf Line: 25
Info (12021): Found 1 design units, including 1 entities, in source file db/alt_u_div_qve.tdf
    Info (12023): Found entity 1: alt_u_div_qve File: D:/staff/Knowledge/3 year/Practice/smirnov_var_8_V2/db/alt_u_div_qve.tdf Line: 23
Info (286030): Timing-Driven Synthesis is running
Info (144001): Generated suppressed messages file D:/staff/Knowledge/3 year/Practice/smirnov_var_8_V2/output_files/smirnov_var_8_V2.map.smsg
Info (16010): Generating hard_block partition "hard_block:auto_generated_inst"
    Info (16011): Adding 0 node(s), including 0 DDIO, 0 PLL, 0 transceiver and 0 LCELL
Info (21057): Implemented 591 device resources after synthesis - the final resource count might be different
    Info (21058): Implemented 4 input pins
    Info (21059): Implemented 70 output pins
    Info (21061): Implemented 516 logic cells
    Info (21062): Implemented 1 DSP elements
Info: Quartus Prime Analysis & Synthesis was successful. 0 errors, 10 warnings
    Info: Peak virtual memory: 4860 megabytes
    Info: Processing ended: Mon Jun 29 18:56:21 2020
    Info: Elapsed time: 00:00:13
    Info: Total CPU time (on all processors): 00:00:26


+------------------------------------------+
; Analysis & Synthesis Suppressed Messages ;
+------------------------------------------+
The suppressed messages can be found in D:/staff/Knowledge/3 year/Practice/smirnov_var_8_V2/output_files/smirnov_var_8_V2.map.smsg.


