Flow report for smirnov_var_8_V2
Mon Jun 29 18:57:28 2020
Quartus Prime Version 19.1.0 Build 670 09/22/2019 SJ Lite Edition


---------------------
; Table of Contents ;
---------------------
  1. Legal Notice
  2. Flow Summary
  3. Flow Settings
  4. Flow Non-Default Global Settings
  5. Flow Elapsed Time
  6. Flow OS Summary
  7. Flow Log
  8. Flow Messages
  9. Flow Suppressed Messages



----------------
; Legal Notice ;
----------------
Copyright (C) 2019  Intel Corporation. All rights reserved.
Your use of Intel Corporation's design tools, logic functions 
and other software and tools, and any partner logic 
functions, and any output files from any of the foregoing 
(including device programming or simulation files), and any 
associated documentation or information are expressly subject 
to the terms and conditions of the Intel Program License 
Subscription Agreement, the Intel Quartus Prime License Agreement,
the Intel FPGA IP License Agreement, or other applicable license
agreement, including, without limitation, that your use is for
the sole purpose of programming logic devices manufactured by
Intel and sold by Intel or its authorized distributors.  Please
refer to the applicable agreement for further details, at
https://fpgasoftware.intel.com/eula.



+-------------------------------------------------------------------------------+
; Flow Summary                                                                  ;
+---------------------------------+---------------------------------------------+
; Flow Status                     ; Successful - Mon Jun 29 18:57:28 2020       ;
; Quartus Prime Version           ; 19.1.0 Build 670 09/22/2019 SJ Lite Edition ;
; Revision Name                   ; smirnov_var_8_V2                            ;
; Top-level Entity Name           ; TopEntity                                   ;
; Family                          ; Cyclone V                                   ;
; Device                          ; 5CSEMA5F31C6                                ;
; Timing Models                   ; Final                                       ;
; Logic utilization (in ALMs)     ; 261 / 32,070 ( < 1 % )                      ;
; Total registers                 ; 90                                          ;
; Total pins                      ; 74 / 457 ( 16 % )                           ;
; Total virtual pins              ; 0                                           ;
; Total block memory bits         ; 0 / 4,065,280 ( 0 % )                       ;
; Total DSP Blocks                ; 1 / 87 ( 1 % )                              ;
; Total HSSI RX PCSs              ; 0                                           ;
; Total HSSI PMA RX Deserializers ; 0                                           ;
; Total HSSI TX PCSs              ; 0                                           ;
; Total HSSI PMA TX Serializers   ; 0                                           ;
; Total PLLs                      ; 0 / 6 ( 0 % )                               ;
; Total DLLs                      ; 0 / 4 ( 0 % )                               ;
+---------------------------------+---------------------------------------------+


+-----------------------------------------+
; Flow Settings                           ;
+-------------------+---------------------+
; Option            ; Setting             ;
+-------------------+---------------------+
; Start date & time ; 06/29/2020 18:56:09 ;
; Main task         ; Compilation         ;
; Revision Name     ; smirnov_var_8_V2    ;
+-------------------+---------------------+


+----------------------------------------------------------------------------------------------------------------------------------------------------+
; Flow Non-Default Global Settings                                                                                                                   ;
+--------------------------------------+----------------------------------------+------------------+-------------+-----------------------------------+
; Assignment Name                      ; Value                                  ; Default Value    ; Entity Name ; Section Id                        ;
+--------------------------------------+----------------------------------------+------------------+-------------+-----------------------------------+
; COMPILER_SIGNATURE_ID                ; 84055629917600.159344616915324         ; --               ; --          ; --                                ;
; EDA_DESIGN_INSTANCE_NAME             ; NA                                     ; --               ; --          ; TestBench                         ;
; EDA_GENERATE_FUNCTIONAL_NETLIST      ; Off                                    ; --               ; --          ; eda_board_design_timing           ;
; EDA_GENERATE_FUNCTIONAL_NETLIST      ; Off                                    ; --               ; --          ; eda_board_design_boundary_scan    ;
; EDA_GENERATE_FUNCTIONAL_NETLIST      ; Off                                    ; --               ; --          ; eda_board_design_signal_integrity ;
; EDA_GENERATE_FUNCTIONAL_NETLIST      ; Off                                    ; --               ; --          ; eda_board_design_symbol           ;
; EDA_NATIVELINK_SIMULATION_TEST_BENCH ; TestBench                              ; --               ; --          ; eda_simulation                    ;
; EDA_OUTPUT_DATA_FORMAT               ; Systemverilog Hdl                      ; --               ; --          ; eda_simulation                    ;
; EDA_SIMULATION_TOOL                  ; ModelSim-Altera (SystemVerilog)        ; <None>           ; --          ; --                                ;
; EDA_TEST_BENCH_ENABLE_STATUS         ; TEST_BENCH_MODE                        ; --               ; --          ; eda_simulation                    ;
; EDA_TEST_BENCH_FILE                  ; TestBench.sv                           ; --               ; --          ; TestBench                         ;
; EDA_TEST_BENCH_MODULE_NAME           ; TestBench                              ; --               ; --          ; TestBench                         ;
; EDA_TEST_BENCH_NAME                  ; TestBench                              ; --               ; --          ; eda_simulation                    ;
; EDA_TIME_SCALE                       ; 1 ps                                   ; --               ; --          ; eda_simulation                    ;
; MAX_CORE_JUNCTION_TEMP               ; 85                                     ; --               ; --          ; --                                ;
; MIN_CORE_JUNCTION_TEMP               ; 0                                      ; --               ; --          ; --                                ;
; NUM_PARALLEL_PROCESSORS              ; 4                                      ; --               ; --          ; --                                ;
; PARTITION_COLOR                      ; -- (Not supported for targeted family) ; --               ; TopEntity   ; Top                               ;
; PARTITION_FITTER_PRESERVATION_LEVEL  ; -- (Not supported for targeted family) ; --               ; TopEntity   ; Top                               ;
; PARTITION_NETLIST_TYPE               ; -- (Not supported for targeted family) ; --               ; TopEntity   ; Top                               ;
; POWER_BOARD_THERMAL_MODEL            ; None (CONSERVATIVE)                    ; --               ; --          ; --                                ;
; POWER_PRESET_COOLING_SOLUTION        ; 23 MM HEAT SINK WITH 200 LFPM AIRFLOW  ; --               ; --          ; --                                ;
; PROJECT_OUTPUT_DIRECTORY             ; output_files                           ; --               ; --          ; --                                ;
; TOP_LEVEL_ENTITY                     ; TopEntity                              ; smirnov_var_8_V2 ; --          ; --                                ;
; VERILOG_INPUT_VERSION                ; SystemVerilog_2005                     ; Verilog_2001     ; --          ; --                                ;
; VERILOG_SHOW_LMF_MAPPING_MESSAGES    ; Off                                    ; --               ; --          ; --                                ;
; VHDL_INPUT_VERSION                   ; VHDL_2008                              ; VHDL_1993        ; --          ; --                                ;
; VHDL_SHOW_LMF_MAPPING_MESSAGES       ; Off                                    ; --               ; --          ; --                                ;
+--------------------------------------+----------------------------------------+------------------+-------------+-----------------------------------+


+--------------------------------------------------------------------------------------------------------------------------+
; Flow Elapsed Time                                                                                                        ;
+----------------------+--------------+-------------------------+---------------------+------------------------------------+
; Module Name          ; Elapsed Time ; Average Processors Used ; Peak Virtual Memory ; Total CPU Time (on all processors) ;
+----------------------+--------------+-------------------------+---------------------+------------------------------------+
; Analysis & Synthesis ; 00:00:12     ; 1.0                     ; 4860 MB             ; 00:00:26                           ;
; Fitter               ; 00:00:44     ; 1.0                     ; 6636 MB             ; 00:01:24                           ;
; Assembler            ; 00:00:08     ; 1.0                     ; 4853 MB             ; 00:00:08                           ;
; Timing Analyzer      ; 00:00:08     ; 1.2                     ; 5161 MB             ; 00:00:08                           ;
; EDA Netlist Writer   ; 00:00:02     ; 1.0                     ; 4740 MB             ; 00:00:02                           ;
; Total                ; 00:01:14     ; --                      ; --                  ; 00:02:08                           ;
+----------------------+--------------+-------------------------+---------------------+------------------------------------+


+------------------------------------------------------------------------------------+
; Flow OS Summary                                                                    ;
+----------------------+------------------+------------+------------+----------------+
; Module Name          ; Machine Hostname ; OS Name    ; OS Version ; Processor type ;
+----------------------+------------------+------------+------------+----------------+
; Analysis & Synthesis ; Home             ; Windows 10 ; 10.0       ; x86_64         ;
; Fitter               ; Home             ; Windows 10 ; 10.0       ; x86_64         ;
; Assembler            ; Home             ; Windows 10 ; 10.0       ; x86_64         ;
; Timing Analyzer      ; Home             ; Windows 10 ; 10.0       ; x86_64         ;
; EDA Netlist Writer   ; Home             ; Windows 10 ; 10.0       ; x86_64         ;
+----------------------+------------------+------------+------------+----------------+


------------
; Flow Log ;
------------
quartus_map --read_settings_files=on --write_settings_files=off smirnov_var_8_V2 -c smirnov_var_8_V2
quartus_fit --read_settings_files=off --write_settings_files=off smirnov_var_8_V2 -c smirnov_var_8_V2
quartus_asm --read_settings_files=off --write_settings_files=off smirnov_var_8_V2 -c smirnov_var_8_V2
quartus_sta smirnov_var_8_V2 -c smirnov_var_8_V2
quartus_eda --read_settings_files=off --write_settings_files=off smirnov_var_8_V2 -c smirnov_var_8_V2



